<?xml version="1.0" encoding="UTF-8"?>
<testsuite xmlns:xsi="http://www.w3.org/2001/XMLSchema-instance" xsi:noNamespaceSchemaLocation="https://maven.apache.org/surefire/maven-surefire-plugin/xsd/surefire-test-report.xsd" name="com.webhook_notifications_project.HttpNotificationPluginTest" time="0.325" tests="1" errors="0" skipped="0" failures="0">
  <properties>
    <property name="sun.desktop" value="windows"/>
    <property name="awt.toolkit" value="sun.awt.windows.WToolkit"/>
    <property name="java.specification.version" value="11"/>
    <property name="sun.cpu.isalist" value="amd64"/>
    <property name="sun.jnu.encoding" value="Cp1252"/>
    <property name="java.class.path" value="C:\WebhookNotificationsProject\webhook_notifications_project\target\test-classes;C:\WebhookNotificationsProject\webhook_notifications_project\target\classes;C:\Users\Emiliosk11\.m2\repository\junit\junit\4.11\junit-4.11.jar;C:\Users\Emiliosk11\.m2\repository\org\hamcrest\hamcrest-core\1.3\hamcrest-core-1.3.jar;C:\Users\Emiliosk11\.m2\repository\org\apache\httpcomponents\httpclient\4.5.13\httpclient-4.5.13.jar;C:\Users\Emiliosk11\.m2\repository\org\apache\httpcomponents\httpcore\4.4.13\httpcore-4.4.13.jar;C:\Users\Emiliosk11\.m2\repository\commons-logging\commons-logging\1.2\commons-logging-1.2.jar;C:\Users\Emiliosk11\.m2\repository\commons-codec\commons-codec\1.11\commons-codec-1.11.jar;C:\Users\Emiliosk11\.m2\repository\org\mockito\mockito-core\3.11.2\mockito-core-3.11.2.jar;C:\Users\Emiliosk11\.m2\repository\net\bytebuddy\byte-buddy\1.11.3\byte-buddy-1.11.3.jar;C:\Users\Emiliosk11\.m2\repository\net\bytebuddy\byte-buddy-agent\1.11.3\byte-buddy-agent-1.11.3.jar;C:\Users\Emiliosk11\.m2\repository\org\objenesis\objenesis\3.2\objenesis-3.2.jar;"/>
    <property name="java.vm.vendor" value="Oracle Corporation"/>
    <property name="sun.arch.data.model" value="64"/>
    <property name="user.variant" value=""/>
    <property name="java.vendor.url" value="https://openjdk.java.net/"/>
    <property name="user.timezone" value="America/Santiago"/>
    <property name="java.vm.specification.version" value="11"/>
    <property name="os.name" value="Windows 11"/>
    <property name="sun.java.launcher" value="SUN_STANDARD"/>
    <property name="user.country" value="CL"/>
    <property name="sun.boot.library.path" value="C:\Program Files\Java\jdk-11\bin"/>
    <property name="sun.java.command" value="C:\Users\EMILIO~1\AppData\Local\Temp\surefire8324158097140772864\surefirebooter16347688644318426506.jar C:\Users\Emiliosk11\AppData\Local\Temp\surefire8324158097140772864 2024-10-28T01-43-25_477-jvmRun1 surefire1474913781565494001tmp surefire_01803460947333217148tmp"/>
    <property name="jdk.debug" value="release"/>
    <property name="surefire.test.class.path" value="C:\WebhookNotificationsProject\webhook_notifications_project\target\test-classes;C:\WebhookNotificationsProject\webhook_notifications_project\target\classes;C:\Users\Emiliosk11\.m2\repository\junit\junit\4.11\junit-4.11.jar;C:\Users\Emiliosk11\.m2\repository\org\hamcrest\hamcrest-core\1.3\hamcrest-core-1.3.jar;C:\Users\Emiliosk11\.m2\repository\org\apache\httpcomponents\httpclient\4.5.13\httpclient-4.5.13.jar;C:\Users\Emiliosk11\.m2\repository\org\apache\httpcomponents\httpcore\4.4.13\httpcore-4.4.13.jar;C:\Users\Emiliosk11\.m2\repository\commons-logging\commons-logging\1.2\commons-logging-1.2.jar;C:\Users\Emiliosk11\.m2\repository\commons-codec\commons-codec\1.11\commons-codec-1.11.jar;C:\Users\Emiliosk11\.m2\repository\org\mockito\mockito-core\3.11.2\mockito-core-3.11.2.jar;C:\Users\Emiliosk11\.m2\repository\net\bytebuddy\byte-buddy\1.11.3\byte-buddy-1.11.3.jar;C:\Users\Emiliosk11\.m2\repository\net\bytebuddy\byte-buddy-agent\1.11.3\byte-buddy-agent-1.11.3.jar;C:\Users\Emiliosk11\.m2\repository\org\objenesis\objenesis\3.2\objenesis-3.2.jar;"/>
    <property name="sun.cpu.endian" value="little"/>
    <property name="user.home" value="C:\Users\Emiliosk11"/>
    <property name="user.language" value="es"/>
    <property name="java.specification.vendor" value="Oracle Corporation"/>
    <property name="java.version.date" value="2024-07-16"/>
    <property name="java.home" value="C:\Program Files\Java\jdk-11"/>
    <property name="file.separator" value="\"/>
    <property name="basedir" value="C:\WebhookNotificationsProject\webhook_notifications_project"/>
    <property name="java.vm.compressedOopsMode" value="Zero based"/>
    <property name="line.separator" value="&#10;"/>
    <property name="java.specification.name" value="Java Platform API Specification"/>
    <property name="java.vm.specification.vendor" value="Oracle Corporation"/>
    <property name="java.awt.graphicsenv" value="sun.awt.Win32GraphicsEnvironment"/>
    <property name="surefire.real.class.path" value="C:\Users\EMILIO~1\AppData\Local\Temp\surefire8324158097140772864\surefirebooter16347688644318426506.jar"/>
    <property name="user.script" value=""/>
    <property name="sun.management.compiler" value="HotSpot 64-Bit Tiered Compilers"/>
    <property name="java.runtime.version" value="11.0.24+7-LTS-271"/>
    <property name="user.name" value="Emiliosk11"/>
    <property name="path.separator" value=";"/>
    <property name="os.version" value="10.0"/>
    <property name="java.runtime.name" value="Java(TM) SE Runtime Environment"/>
    <property name="file.encoding" value="Cp1252"/>
    <property name="java.vm.name" value="Java HotSpot(TM) 64-Bit Server VM"/>
    <property name="java.vendor.version" value="18.9"/>
    <property name="localRepository" value="C:\Users\Emiliosk11\.m2\repository"/>
    <property name="java.vendor.url.bug" value="https://bugreport.java.com/bugreport/"/>
    <property name="java.io.tmpdir" value="C:\Users\EMILIO~1\AppData\Local\Temp\"/>
    <property name="java.version" value="11.0.24"/>
    <property name="user.dir" value="C:\WebhookNotificationsProject\webhook_notifications_project"/>
    <property name="os.arch" value="amd64"/>
    <property name="java.vm.specification.name" value="Java Virtual Machine Specification"/>
    <property name="java.awt.printerjob" value="sun.awt.windows.WPrinterJob"/>
    <property name="sun.os.patch.level" value=""/>
    <property name="java.library.path" value="C:\Program Files\Java\jdk-11\bin;C:\WINDOWS\Sun\Java\bin;C:\WINDOWS\system32;C:\WINDOWS;C:\Program Files\Common Files\Oracle\Java\javapath;c:\Users\Emiliosk11\AppData\Local\Programs\cursor\resources\app\bin;C:\WINDOWS\system32;C:\WINDOWS;C:\WINDOWS\System32\Wbem;C:\WINDOWS\System32\WindowsPowerShell\v1.0\;C:\WINDOWS\System32\OpenSSH\;C:\Program Files\NVIDIA Corporation\NVIDIA NvDLISR;C:\Program Files\nodejs\;C:\Program Files\Git\cmd;C:\Program Files (x86)\NVIDIA Corporation\PhysX\Common;C:\Program Files\dotnet\;C:\Users\Emiliosk11\AppData\Local\Programs\Python\Python312\Scripts\;C:\Users\Emiliosk11\AppData\Local\Programs\Python\Python312\;C:\Users\Emiliosk11\AppData\Local\Microsoft\WindowsApps;C:\Users\Emiliosk11\AppData\Roaming\npm;C:\Users\Emiliosk11\AppData\Local\GitHubDesktop\bin;;c:\Users\Emiliosk11\AppData\Local\Programs\cursor\resources\app\bin;c:\Users\Emiliosk11\AppData\Local\Programs\cursor\resources\app\bin;C:\Program Files\Docker\Docker\resources\bin;C:\Users\Emiliosk11\.console-ninja\.bin;C:\Users\Emiliosk11\AppData\Local\Programs\Python\Python310\Scripts\;C:\Users\Emiliosk11\AppData\Local\Programs\Python\Python310\;C:\Users\Emiliosk11\AppData\Local\Programs\Python\Python312\Scripts\;C:\Users\Emiliosk11\AppData\Local\Programs\Python\Python312\;C:\Users\Emiliosk11\AppData\Local\Microsoft\WindowsApps;C:\Users\Emiliosk11\AppData\Local\Programs\Microsoft VS Code\bin;C:\Users\Emiliosk11\AppData\Roaming\npm;C:\Users\Emiliosk11\AppData\Local\GitHubDesktop\bin;%JAVA_HOME\bin;C:\Program Files\Apache\Maven\apache-maven-3.9.9\bin;;."/>
    <property name="java.vendor" value="Oracle Corporation"/>
    <property name="java.vm.info" value="mixed mode"/>
    <property name="java.vm.version" value="11.0.24+7-LTS-271"/>
    <property name="java.specification.maintenance.version" value="2"/>
    <property name="sun.io.unicode.encoding" value="UnicodeLittle"/>
    <property name="java.class.version" value="55.0"/>
  </properties>
  <testcase name="testSendHttpRequest" classname="com.webhook_notifications_project.HttpNotificationPluginTest" time="0.324"/>
</testsuite>